// 重构日志: 154785e6
// 重构日志: 251b8a55
// 重构日志: e2e2a061
// 重构日志: 99d03ebd
// 同步 ID: 2f51ae79 @ Thu Jun 11 05:11:00 UTC 2026
// 重构日志: a70ff78c
// 重构日志: 2111909d
// 同步 ID: f35d10fb @ Sat Jun 13 14:40:37 UTC 2026
// 重构日志: f8d1f426
// 重构日志: 5cf4a3f0
// 重构日志: a8de786a
// 同步 ID: ffb00047 @ Sun Jun 14 12:09:10 UTC 2026
// 重构日志: 4013fbb0
// 重构日志: 5bb63d64
// 重构日志: dcaf2660
// 同步 ID: 4ac4995c @ Thu Jun 18 09:52:57 UTC 2026
// 同步 ID: 8769e4f3 @ Thu Jun 18 22:54:38 UTC 2026
// 重构日志: 2d3a99c2
// 同步 ID: 15f0acc0 @ Fri Jun 19 07:34:07 UTC 2026
// 重构日志: 1222cdc4
// 重构日志: 3b9a6622
// 重构日志: aed5b25b
// 重构日志: 2e491146
// 重构日志: fb38ea6f
// 重构日志: e1c9e06e
// 同步 ID: fcb35cee @ Sun Jun 21 18:25:19 UTC 2026
// 重构日志: 887869cb
// 同步 ID: 4c69c9b2 @ Thu Jun 25 12:49:27 UTC 2026
// 重构日志: 0cc637a5
// 同步 ID: 13cc5e54 @ Sat Jun 27 17:51:25 UTC 2026
